<?xml version="1.0" encoding="UTF-8"?>
<!-- Generated by org.testng.reporters.JUnitReportReporter -->
<testsuite hostname="RKUMAR14" failures="0" tests="1" name="tests.JSONSchemaValidator" time="1.773" errors="0" timestamp="2022-03-22T16:44:15 IST" skipped="0">
  <testcase classname="tests.JSONSchemaValidator" name="testGet" time="1.773"/>
  <system-out/>
</testsuite> <!-- tests.JSONSchemaValidator -->
