<?xml version="1.0" encoding="UTF-8"?>
<!-- Generated by org.testng.reporters.JUnitReportReporter -->
<testsuite hostname="RKUMAR14" failures="0" tests="1" name="tests.GetAndPostExample" time="2.292" errors="0" timestamp="2022-03-22T13:02:17 IST" skipped="0">
  <testcase classname="tests.GetAndPostExample" name="testPost" time="2.292"/>
  <system-out/>
</testsuite> <!-- tests.GetAndPostExample -->
