<?xml version="1.0" encoding="UTF-8"?>
<!-- Generated by org.testng.reporters.JUnitReportReporter -->
<testsuite hostname="RKUMAR14" failures="0" tests="3" name="tests.PutPatchDeleteExample" time="2.719" errors="0" timestamp="2022-03-22T14:36:03 IST" skipped="0">
  <testcase classname="tests.PutPatchDeleteExample" name="testPatch" time="0.464"/>
  <system-out/>
  <testcase classname="tests.PutPatchDeleteExample" name="testDelete" time="1.876"/>
  <system-out/>
  <testcase classname="tests.PutPatchDeleteExample" name="testPut" time="0.379"/>
  <system-out/>
</testsuite> <!-- tests.PutPatchDeleteExample -->
