<?xml version="1.0" encoding="UTF-8"?>
<!-- Generated by org.testng.reporters.JUnitReportReporter -->
<testsuite hostname="RKUMAR14" failures="0" tests="2" name="tests.TestsExample" time="2.455" errors="0" timestamp="2022-03-22T14:18:45 IST" skipped="0">
  <testcase classname="tests.TestsExample" name="test_2" time="0.742"/>
  <system-out/>
  <testcase classname="tests.TestsExample" name="test_1" time="1.713"/>
  <system-out/>
</testsuite> <!-- tests.TestsExample -->
