<?xml version="1.0" encoding="UTF-8"?>
<!-- Generated by org.testng.reporters.JUnitReportReporter -->
<testsuite hostname="RKUMAR14" failures="0" tests="1" name="tests.SoapXMLRequest" time="2.434" errors="0" timestamp="2022-03-23T15:22:00 IST" skipped="0">
  <testcase classname="tests.SoapXMLRequest" name="ValidateSoapXML" time="2.434"/>
  <system-out/>
</testsuite> <!-- tests.SoapXMLRequest -->
