<?xml version="1.0" encoding="UTF-8"?>
<!-- Generated by org.testng.reporters.JUnitReportReporter -->
<testsuite hostname="RKUMAR14" failures="0" tests="1" name="tests.XMLSchemaValidation" time="2.800" errors="0" timestamp="2022-03-23T15:56:53 IST" skipped="0">
  <testcase classname="tests.XMLSchemaValidation" name="schemaValidation" time="2.800"/>
  <system-out/>
</testsuite> <!-- tests.XMLSchemaValidation -->
